MyApplication/app/build/intermediates/manifest_merge_blame_file/release/manifest-merger-blame-release-report.txt
1<?xml version="1.0" encoding="utf-8"?>
2<manifest xmlns:android="http://schemas.android.com/apk/res/android"
3    package="mirea.pca"
4    android:versionCode="1"
5    android:versionName="1.0" >
6
7    <uses-sdk
8        android:minSdkVersion="26"
8-->src\main\AndroidManifest.xml
9        android:targetSdkVersion="30" />
9-->src\main\AndroidManifest.xml
10
11    <uses-permission android:name="android.permission.INTERNET" />
11-->[com.google.firebase:firebase-auth:20.0.3] AndroidManifest.xml:23:5-67
11-->[com.google.firebase:firebase-auth:20.0.3] AndroidManifest.xml:23:22-64
12    <uses-permission android:name="android.permission.ACCESS_NETWORK_STATE" />
12-->[com.google.firebase:firebase-auth:20.0.3] AndroidManifest.xml:24:5-79
12-->[com.google.firebase:firebase-auth:20.0.3] AndroidManifest.xml:24:22-76
13    <uses-permission android:name="android.permission.WAKE_LOCK" />
13-->[com.google.android.gms:play-services-measurement-api:18.0.2] AndroidManifest.xml:24:5-68
13-->[com.google.android.gms:play-services-measurement-api:18.0.2] AndroidManifest.xml:24:22-65
14    <uses-permission android:name="com.google.android.finsky.permission.BIND_GET_INSTALL_REFERRER_SERVICE" />
14-->[com.google.android.gms:play-services-measurement:18.0.2] AndroidManifest.xml:26:5-110
14-->[com.google.android.gms:play-services-measurement:18.0.2] AndroidManifest.xml:26:22-107
15
16    <application
16-->src\main\AndroidManifest.xml:5:5-25:19
17        android:allowBackup="true"
17-->src\main\AndroidManifest.xml:6:9-35
18        android:appComponentFactory="androidx.core.app.CoreComponentFactory"
18-->[androidx.core:core:1.3.1] AndroidManifest.xml:24:18-86
19        android:extractNativeLibs="false"
20        android:icon="@mipmap/ic_launcher"
20-->src\main\AndroidManifest.xml:7:9-43
21        android:label="@string/app_name"
21-->src\main\AndroidManifest.xml:8:9-41
22        android:roundIcon="@mipmap/ic_launcher_round"
22-->src\main\AndroidManifest.xml:9:9-54
23        android:supportsRtl="true"
23-->src\main\AndroidManifest.xml:10:9-35
24        android:theme="@style/Theme.AppCompat.Light.NoActionBar" >
24-->src\main\AndroidManifest.xml:11:9-65
25        <activity android:name="mirea.pca.PekiActivity" />
25-->src\main\AndroidManifest.xml:13:9-59
25-->src\main\AndroidManifest.xml:13:19-47
26        <activity android:name="mirea.pca.MainActivity" >
26-->src\main\AndroidManifest.xml:14:9-20:20
26-->src\main\AndroidManifest.xml:14:19-47
27            <intent-filter>
27-->src\main\AndroidManifest.xml:15:13-19:29
28                <action android:name="android.intent.action.MAIN" />
28-->src\main\AndroidManifest.xml:16:17-69
28-->src\main\AndroidManifest.xml:16:25-66
29
30                <category android:name="android.intent.category.LAUNCHER" />
30-->src\main\AndroidManifest.xml:18:17-77
30-->src\main\AndroidManifest.xml:18:27-74
31            </intent-filter>
32        </activity>
33
34        <meta-data
34-->src\main\AndroidManifest.xml:22:9-24:57
35            android:name="preloaded_fonts"
35-->src\main\AndroidManifest.xml:23:13-43
36            android:resource="@array/preloaded_fonts" />
36-->src\main\AndroidManifest.xml:24:13-54
37
38        <activity
38-->[com.google.firebase:firebase-auth:20.0.3] AndroidManifest.xml:27:9-44:20
39            android:name="com.google.firebase.auth.internal.GenericIdpActivity"
39-->[com.google.firebase:firebase-auth:20.0.3] AndroidManifest.xml:28:13-80
40            android:excludeFromRecents="true"
40-->[com.google.firebase:firebase-auth:20.0.3] AndroidManifest.xml:29:13-46
41            android:exported="true"
41-->[com.google.firebase:firebase-auth:20.0.3] AndroidManifest.xml:30:13-36
42            android:launchMode="singleTask"
42-->[com.google.firebase:firebase-auth:20.0.3] AndroidManifest.xml:31:13-44
43            android:theme="@android:style/Theme.Translucent.NoTitleBar" >
43-->[com.google.firebase:firebase-auth:20.0.3] AndroidManifest.xml:32:13-72
44            <intent-filter>
44-->[com.google.firebase:firebase-auth:20.0.3] AndroidManifest.xml:33:13-43:29
45                <action android:name="android.intent.action.VIEW" />
45-->[com.google.firebase:firebase-auth:20.0.3] AndroidManifest.xml:34:17-69
45-->[com.google.firebase:firebase-auth:20.0.3] AndroidManifest.xml:34:25-66
46
47                <category android:name="android.intent.category.DEFAULT" />
47-->[com.google.firebase:firebase-auth:20.0.3] AndroidManifest.xml:36:17-76
47-->[com.google.firebase:firebase-auth:20.0.3] AndroidManifest.xml:36:27-73
48                <category android:name="android.intent.category.BROWSABLE" />
48-->[com.google.firebase:firebase-auth:20.0.3] AndroidManifest.xml:37:17-78
48-->[com.google.firebase:firebase-auth:20.0.3] AndroidManifest.xml:37:27-75
49
50                <data
50-->[com.google.firebase:firebase-auth:20.0.3] AndroidManifest.xml:39:17-42:51
51                    android:host="firebase.auth"
51-->[com.google.firebase:firebase-auth:20.0.3] AndroidManifest.xml:40:21-49
52                    android:path="/"
52-->[com.google.firebase:firebase-auth:20.0.3] AndroidManifest.xml:41:21-37
53                    android:scheme="genericidp" />
53-->[com.google.firebase:firebase-auth:20.0.3] AndroidManifest.xml:42:21-48
54            </intent-filter>
55        </activity>
56        <activity
56-->[com.google.firebase:firebase-auth:20.0.3] AndroidManifest.xml:45:9-62:20
57            android:name="com.google.firebase.auth.internal.RecaptchaActivity"
57-->[com.google.firebase:firebase-auth:20.0.3] AndroidManifest.xml:46:13-79
58            android:excludeFromRecents="true"
58-->[com.google.firebase:firebase-auth:20.0.3] AndroidManifest.xml:47:13-46
59            android:exported="true"
59-->[com.google.firebase:firebase-auth:20.0.3] AndroidManifest.xml:48:13-36
60            android:launchMode="singleTask"
60-->[com.google.firebase:firebase-auth:20.0.3] AndroidManifest.xml:49:13-44
61            android:theme="@android:style/Theme.Translucent.NoTitleBar" >
61-->[com.google.firebase:firebase-auth:20.0.3] AndroidManifest.xml:50:13-72
62            <intent-filter>
62-->[com.google.firebase:firebase-auth:20.0.3] AndroidManifest.xml:51:13-61:29
63                <action android:name="android.intent.action.VIEW" />
63-->[com.google.firebase:firebase-auth:20.0.3] AndroidManifest.xml:34:17-69
63-->[com.google.firebase:firebase-auth:20.0.3] AndroidManifest.xml:34:25-66
64
65                <category android:name="android.intent.category.DEFAULT" />
65-->[com.google.firebase:firebase-auth:20.0.3] AndroidManifest.xml:36:17-76
65-->[com.google.firebase:firebase-auth:20.0.3] AndroidManifest.xml:36:27-73
66                <category android:name="android.intent.category.BROWSABLE" />
66-->[com.google.firebase:firebase-auth:20.0.3] AndroidManifest.xml:37:17-78
66-->[com.google.firebase:firebase-auth:20.0.3] AndroidManifest.xml:37:27-75
67
68                <data
68-->[com.google.firebase:firebase-auth:20.0.3] AndroidManifest.xml:39:17-42:51
69                    android:host="firebase.auth"
69-->[com.google.firebase:firebase-auth:20.0.3] AndroidManifest.xml:40:21-49
70                    android:path="/"
70-->[com.google.firebase:firebase-auth:20.0.3] AndroidManifest.xml:41:21-37
71                    android:scheme="recaptcha" />
71-->[com.google.firebase:firebase-auth:20.0.3] AndroidManifest.xml:42:21-48
72            </intent-filter>
73        </activity>
74
75        <service
75-->[com.google.firebase:firebase-auth:20.0.3] AndroidManifest.xml:64:9-73:19
76            android:name="com.google.firebase.auth.api.fallback.service.FirebaseAuthFallbackService"
76-->[com.google.firebase:firebase-auth:20.0.3] AndroidManifest.xml:65:13-101
77            android:enabled="true"
77-->[com.google.firebase:firebase-auth:20.0.3] AndroidManifest.xml:66:13-35
78            android:exported="false" >
78-->[com.google.firebase:firebase-auth:20.0.3] AndroidManifest.xml:67:13-37
79            <intent-filter>
79-->[com.google.firebase:firebase-auth:20.0.3] AndroidManifest.xml:68:13-72:29
80                <action android:name="com.google.firebase.auth.api.gms.service.START" />
80-->[com.google.firebase:firebase-auth:20.0.3] AndroidManifest.xml:69:17-89
80-->[com.google.firebase:firebase-auth:20.0.3] AndroidManifest.xml:69:25-86
81
82                <category android:name="android.intent.category.DEFAULT" />
82-->[com.google.firebase:firebase-auth:20.0.3] AndroidManifest.xml:36:17-76
82-->[com.google.firebase:firebase-auth:20.0.3] AndroidManifest.xml:36:27-73
83            </intent-filter>
84        </service>
85        <service
85-->[com.google.firebase:firebase-auth:20.0.3] AndroidManifest.xml:74:9-80:19
86            android:name="com.google.firebase.components.ComponentDiscoveryService"
86-->[com.google.firebase:firebase-auth:20.0.3] AndroidManifest.xml:75:13-84
87            android:directBootAware="true"
87-->[com.google.firebase:firebase-common:19.5.0] AndroidManifest.xml:35:13-43
88            android:exported="false" >
88-->[com.google.firebase:firebase-auth:20.0.3] AndroidManifest.xml:76:13-37
89            <meta-data
89-->[com.google.firebase:firebase-auth:20.0.3] AndroidManifest.xml:77:13-79:85
90                android:name="com.google.firebase.components:com.google.firebase.auth.FirebaseAuthRegistrar"
90-->[com.google.firebase:firebase-auth:20.0.3] AndroidManifest.xml:78:17-109
91                android:value="com.google.firebase.components.ComponentRegistrar" />
91-->[com.google.firebase:firebase-auth:20.0.3] AndroidManifest.xml:79:17-82
92            <meta-data
92-->[com.google.firebase:firebase-database:19.7.0] AndroidManifest.xml:32:13-34:85
93                android:name="com.google.firebase.components:com.google.firebase.database.DatabaseRegistrar"
93-->[com.google.firebase:firebase-database:19.7.0] AndroidManifest.xml:33:17-109
94                android:value="com.google.firebase.components.ComponentRegistrar" />
94-->[com.google.firebase:firebase-database:19.7.0] AndroidManifest.xml:34:17-82
95            <meta-data
95-->[com.google.android.gms:play-services-measurement-api:18.0.2] AndroidManifest.xml:30:13-32:85
96                android:name="com.google.firebase.components:com.google.firebase.analytics.connector.internal.AnalyticsConnectorRegistrar"
96-->[com.google.android.gms:play-services-measurement-api:18.0.2] AndroidManifest.xml:31:17-139
97                android:value="com.google.firebase.components.ComponentRegistrar" />
97-->[com.google.android.gms:play-services-measurement-api:18.0.2] AndroidManifest.xml:32:17-82
98            <meta-data
98-->[com.google.firebase:firebase-installations:16.3.5] AndroidManifest.xml:18:13-20:85
99                android:name="com.google.firebase.components:com.google.firebase.installations.FirebaseInstallationsRegistrar"
99-->[com.google.firebase:firebase-installations:16.3.5] AndroidManifest.xml:19:17-127
100                android:value="com.google.firebase.components.ComponentRegistrar" />
100-->[com.google.firebase:firebase-installations:16.3.5] AndroidManifest.xml:20:17-82
101            <!--
102                This registrar is not defined in the dynamic-module-support sdk itself to allow non-firebase
103                clients to use it as well, by defining this registrar in their own core/common library.
104            -->
105            <meta-data
105-->[com.google.firebase:firebase-common:19.5.0] AndroidManifest.xml:43:13-45:85
106                android:name="com.google.firebase.components:com.google.firebase.dynamicloading.DynamicLoadingRegistrar"
106-->[com.google.firebase:firebase-common:19.5.0] AndroidManifest.xml:44:17-121
107                android:value="com.google.firebase.components.ComponentRegistrar" />
107-->[com.google.firebase:firebase-common:19.5.0] AndroidManifest.xml:45:17-82
108        </service>
109
110        <provider
110-->[com.google.firebase:firebase-common:19.5.0] AndroidManifest.xml:26:9-31:39
111            android:name="com.google.firebase.provider.FirebaseInitProvider"
111-->[com.google.firebase:firebase-common:19.5.0] AndroidManifest.xml:27:13-77
112            android:authorities="mirea.pca.firebaseinitprovider"
112-->[com.google.firebase:firebase-common:19.5.0] AndroidManifest.xml:28:13-72
113            android:directBootAware="true"
113-->[com.google.firebase:firebase-common:19.5.0] AndroidManifest.xml:29:13-43
114            android:exported="false"
114-->[com.google.firebase:firebase-common:19.5.0] AndroidManifest.xml:30:13-37
115            android:initOrder="100" />
115-->[com.google.firebase:firebase-common:19.5.0] AndroidManifest.xml:31:13-36
116
117        <activity
117-->[com.google.android.gms:play-services-base:17.1.0] AndroidManifest.xml:23:9-26:75
118            android:name="com.google.android.gms.common.api.GoogleApiActivity"
118-->[com.google.android.gms:play-services-base:17.1.0] AndroidManifest.xml:24:13-79
119            android:exported="false"
119-->[com.google.android.gms:play-services-base:17.1.0] AndroidManifest.xml:25:13-37
120            android:theme="@android:style/Theme.Translucent.NoTitleBar" />
120-->[com.google.android.gms:play-services-base:17.1.0] AndroidManifest.xml:26:13-72
121
122        <receiver
122-->[com.google.android.gms:play-services-measurement:18.0.2] AndroidManifest.xml:29:9-33:20
123            android:name="com.google.android.gms.measurement.AppMeasurementReceiver"
123-->[com.google.android.gms:play-services-measurement:18.0.2] AndroidManifest.xml:30:13-85
124            android:enabled="true"
124-->[com.google.android.gms:play-services-measurement:18.0.2] AndroidManifest.xml:31:13-35
125            android:exported="false" >
125-->[com.google.android.gms:play-services-measurement:18.0.2] AndroidManifest.xml:32:13-37
126        </receiver>
127
128        <service
128-->[com.google.android.gms:play-services-measurement:18.0.2] AndroidManifest.xml:35:9-38:40
129            android:name="com.google.android.gms.measurement.AppMeasurementService"
129-->[com.google.android.gms:play-services-measurement:18.0.2] AndroidManifest.xml:36:13-84
130            android:enabled="true"
130-->[com.google.android.gms:play-services-measurement:18.0.2] AndroidManifest.xml:37:13-35
131            android:exported="false" />
131-->[com.google.android.gms:play-services-measurement:18.0.2] AndroidManifest.xml:38:13-37
132        <service
132-->[com.google.android.gms:play-services-measurement:18.0.2] AndroidManifest.xml:39:9-43:72
133            android:name="com.google.android.gms.measurement.AppMeasurementJobService"
133-->[com.google.android.gms:play-services-measurement:18.0.2] AndroidManifest.xml:40:13-87
134            android:enabled="true"
134-->[com.google.android.gms:play-services-measurement:18.0.2] AndroidManifest.xml:41:13-35
135            android:exported="false"
135-->[com.google.android.gms:play-services-measurement:18.0.2] AndroidManifest.xml:42:13-37
136            android:permission="android.permission.BIND_JOB_SERVICE" />
136-->[com.google.android.gms:play-services-measurement:18.0.2] AndroidManifest.xml:43:13-69
137
138        <meta-data
138-->[com.google.android.gms:play-services-basement:17.1.0] AndroidManifest.xml:23:9-25:69
139            android:name="com.google.android.gms.version"
139-->[com.google.android.gms:play-services-basement:17.1.0] AndroidManifest.xml:24:13-58
140            android:value="@integer/google_play_services_version" />
140-->[com.google.android.gms:play-services-basement:17.1.0] AndroidManifest.xml:25:13-66
141    </application>
142
143</manifest>